This is pdfTeX, Version 3.141592653-2.6-1.40.27 (MiKTeX 25.4) (preloaded format=pdflatex 2025.11.15)  4 JAN 2026 15:26
entering extended mode
 restricted \write18 enabled.
 %&-line parsing enabled.
**./vsar-encoding.tex
(vsar-encoding.tex
LaTeX2e <2025-11-01>
L3 programming layer <2025-10-24>
IJCAI--ECAI 26 Submission: VSAR
(C:\Users\vasan\AppData\Local\Programs\MiKTeX\tex/latex/base\article.cls
Document Class: article 2025/01/22 v1.4n Standard LaTeX document class
(C:\Users\vasan\AppData\Local\Programs\MiKTeX\tex/latex/base\size10.clo
File: size10.clo 2025/01/22 v1.4n Standard LaTeX file (size option)
)
\c@part=\count275
\c@section=\count276
\c@subsection=\count277
\c@subsubsection=\count278
\c@paragraph=\count279
\c@subparagraph=\count280
\c@figure=\count281
\c@table=\count282
\abovecaptionskip=\skip49
\belowcaptionskip=\skip50
\bibindent=\dimen148
)
(ijcai26.sty
Conference Style, version of November 2018
\titlepad=\skip51
\titlebox=\skip52
Named Citation Style, version of 30 November 1994
) (C:\Users\vasan\AppData\Local\Programs\MiKTeX\tex/latex/psnfss\times.sty
Package: times 2020/03/25 PSNFSS-v9.3 (SPQR) 
)
(C:\Users\vasan\AppData\Local\Programs\MiKTeX\tex/generic/soul\soul.sty
Package: soul 2023-06-14 v3.1 Permit use of UTF-8 characters in soul (HO)

(C:\Users\vasan\AppData\Local\Programs\MiKTeX\tex/generic/soul\soul-ori.sty
Package: soul-ori 2023-06-14 v3.1 letterspacing/underlining (mf)
\SOUL@word=\toks17
\SOUL@lasttoken=\toks18
\SOUL@syllable=\toks19
\SOUL@cmds=\toks20
\SOUL@buffer=\toks21
\SOUL@token=\toks22
\SOUL@syllgoal=\dimen149
\SOUL@syllwidth=\dimen150
\SOUL@charkern=\dimen151
\SOUL@hyphkern=\dimen152
\SOUL@dimen=\dimen153
\SOUL@dimeni=\dimen154
\SOUL@minus=\count283
\SOUL@comma=\count284
\SOUL@apo=\count285
\SOUL@grave=\count286
\SOUL@spaceskip=\skip53
\SOUL@ttwidth=\dimen155
\SOUL@uldp=\dimen156
\SOUL@ulht=\dimen157
)
(C:\Users\vasan\AppData\Local\Programs\MiKTeX\tex/generic/infwarerr\infwarerr.s
ty
Package: infwarerr 2019/12/03 v1.5 Providing info/warning/error messages (HO)
)
(C:\Users\vasan\AppData\Local\Programs\MiKTeX\tex/generic/etexcmds\etexcmds.sty
Package: etexcmds 2019/12/15 v1.7 Avoid name clashes with e-TeX commands (HO)
(C:\Users\vasan\AppData\Local\Programs\MiKTeX\tex/generic/iftex\iftex.sty
Package: iftex 2024/12/12 v1.0g TeX engine tests
)))
(C:\Users\vasan\AppData\Local\Programs\MiKTeX\tex/latex/url\url.sty
\Urlmuskip=\muskip17
Package: url 2013/09/16  ver 3.4  Verb mode for urls, etc.
)
(C:\Users\vasan\AppData\Local\Programs\MiKTeX\tex/latex/hyperref\hyperref.sty
Package: hyperref 2025-07-12 v7.01o Hypertext links for LaTeX

(C:\Users\vasan\AppData\Local\Programs\MiKTeX\tex/latex/graphics\keyval.sty
Package: keyval 2022/05/29 v1.15 key=value parser (DPC)
\KV@toks@=\toks23
)
(C:\Users\vasan\AppData\Local\Programs\MiKTeX\tex/latex/kvsetkeys\kvsetkeys.sty
Package: kvsetkeys 2022-10-05 v1.19 Key value parser (HO)
)
(C:\Users\vasan\AppData\Local\Programs\MiKTeX\tex/generic/kvdefinekeys\kvdefine
keys.sty
Package: kvdefinekeys 2019-12-19 v1.6 Define keys (HO)
)
(C:\Users\vasan\AppData\Local\Programs\MiKTeX\tex/generic/pdfescape\pdfescape.s
ty
Package: pdfescape 2019/12/09 v1.15 Implements pdfTeX's escape features (HO)

(C:\Users\vasan\AppData\Local\Programs\MiKTeX\tex/generic/ltxcmds\ltxcmds.sty
Package: ltxcmds 2023-12-04 v1.26 LaTeX kernel commands for general use (HO)
)
(C:\Users\vasan\AppData\Local\Programs\MiKTeX\tex/generic/pdftexcmds\pdftexcmds
.sty
Package: pdftexcmds 2020-06-27 v0.33 Utility functions of pdfTeX for LuaTeX (HO
)
Package pdftexcmds Info: \pdf@primitive is available.
Package pdftexcmds Info: \pdf@ifprimitive is available.
Package pdftexcmds Info: \pdfdraftmode found.
))
(C:\Users\vasan\AppData\Local\Programs\MiKTeX\tex/latex/hycolor\hycolor.sty
Package: hycolor 2020-01-27 v1.10 Color options for hyperref/bookmark (HO)
)
(C:\Users\vasan\AppData\Local\Programs\MiKTeX\tex/latex/hyperref\nameref.sty
Package: nameref 2025-06-21 v2.57 Cross-referencing by name of section

(C:\Users\vasan\AppData\Local\Programs\MiKTeX\tex/latex/refcount\refcount.sty
Package: refcount 2019/12/15 v3.6 Data extraction from label references (HO)
)
(C:\Users\vasan\AppData\Local\Programs\MiKTeX\tex/generic/gettitlestring\gettit
lestring.sty
Package: gettitlestring 2019/12/15 v1.6 Cleanup title references (HO)

(C:\Users\vasan\AppData\Local\Programs\MiKTeX\tex/latex/kvoptions\kvoptions.sty
Package: kvoptions 2022-06-15 v3.15 Key value format for package options (HO)
))
\c@section@level=\count287
)
(C:\Users\vasan\AppData\Local\Programs\MiKTeX\tex/latex/etoolbox\etoolbox.sty
Package: etoolbox 2025/10/02 v2.5m e-TeX tools for LaTeX (JAW)
\etb@tempcnta=\count288
)
(C:\Users\vasan\AppData\Local\Programs\MiKTeX\tex/generic/stringenc\stringenc.s
ty
Package: stringenc 2019/11/29 v1.12 Convert strings between diff. encodings (HO
)
)
\@linkdim=\dimen158
\Hy@linkcounter=\count289
\Hy@pagecounter=\count290
 (C:\Users\vasan\AppData\Local\Programs\MiKTeX\tex/latex/hyperref\pd1enc.def
File: pd1enc.def 2025-07-12 v7.01o Hyperref: PDFDocEncoding definition (HO)
Now handling font encoding PD1 ...
... no UTF-8 mapping file for font encoding PD1
) (C:\Users\vasan\AppData\Local\Programs\MiKTeX\tex/generic/intcalc\intcalc.sty
Package: intcalc 2019/12/15 v1.3 Expandable calculations with integers (HO)
)
\Hy@SavedSpaceFactor=\count291
 (C:\Users\vasan\AppData\Local\Programs\MiKTeX\tex/latex/hyperref\puenc.def
File: puenc.def 2025-07-12 v7.01o Hyperref: PDF Unicode definition (HO)
Now handling font encoding PU ...
... no UTF-8 mapping file for font encoding PU
)
Package hyperref Info: Hyper figures OFF on input line 4195.
Package hyperref Info: Link nesting OFF on input line 4200.
Package hyperref Info: Hyper index ON on input line 4203.
Package hyperref Info: Plain pages OFF on input line 4210.
Package hyperref Info: Backreferencing OFF on input line 4215.
Package hyperref Info: Implicit mode ON; LaTeX internals redefined.
Package hyperref Info: Bookmarks ON on input line 4462.
\c@Hy@tempcnt=\count292
LaTeX Info: Redefining \url on input line 4801.
\XeTeXLinkMargin=\dimen159

(C:\Users\vasan\AppData\Local\Programs\MiKTeX\tex/generic/bitset\bitset.sty
Package: bitset 2019/12/09 v1.3 Handle bit-vector datatype (HO)

(C:\Users\vasan\AppData\Local\Programs\MiKTeX\tex/generic/bigintcalc\bigintcalc
.sty
Package: bigintcalc 2019/12/15 v1.5 Expandable calculations on big integers (HO
)
))
\Fld@menulength=\count293
\Field@Width=\dimen160
\Fld@charsize=\dimen161
Package hyperref Info: Hyper figures OFF on input line 6078.
Package hyperref Info: Link nesting OFF on input line 6083.
Package hyperref Info: Hyper index ON on input line 6086.
Package hyperref Info: backreferencing OFF on input line 6093.
Package hyperref Info: Link coloring OFF on input line 6098.
Package hyperref Info: Link coloring with OCG OFF on input line 6103.
Package hyperref Info: PDF/A mode OFF on input line 6108.
\Hy@abspage=\count294
\c@Item=\count295
\c@Hfootnote=\count296
)
Package hyperref Info: Driver (autodetected): hpdftex.

(C:\Users\vasan\AppData\Local\Programs\MiKTeX\tex/latex/hyperref\hpdftex.def
File: hpdftex.def 2025-07-12 v7.01o Hyperref driver for pdfTeX
\Fld@listcount=\count297
\c@bookmark@seq@number=\count298

(C:\Users\vasan\AppData\Local\Programs\MiKTeX\tex/latex/rerunfilecheck\rerunfil
echeck.sty
Package: rerunfilecheck 2025-06-21 v1.11 Rerun checks for auxiliary files (HO)

(C:\Users\vasan\AppData\Local\Programs\MiKTeX\tex/generic/uniquecounter\uniquec
ounter.sty
Package: uniquecounter 2019/12/15 v1.4 Provide unlimited unique counter (HO)
)
Package uniquecounter Info: New unique counter `rerunfilecheck' on input line 2
84.
)
\Hy@SectionHShift=\skip54
)
(C:\Users\vasan\AppData\Local\Programs\MiKTeX\tex/latex/base\inputenc.sty
Package: inputenc 2024/02/08 v1.3d Input encoding file
\inpenc@prehook=\toks24
\inpenc@posthook=\toks25
)
(C:\Users\vasan\AppData\Local\Programs\MiKTeX\tex/latex/caption\caption.sty
Package: caption 2023/08/05 v3.6o Customizing captions (AR)

(C:\Users\vasan\AppData\Local\Programs\MiKTeX\tex/latex/caption\caption3.sty
Package: caption3 2023/07/31 v2.4d caption3 kernel (AR)
\caption@tempdima=\dimen162
\captionmargin=\dimen163
\caption@leftmargin=\dimen164
\caption@rightmargin=\dimen165
\caption@width=\dimen166
\caption@indent=\dimen167
\caption@parindent=\dimen168
\caption@hangindent=\dimen169
Package caption Info: Standard document class detected.
)
\c@caption@flags=\count299
\c@continuedfloat=\count300
Package caption Info: hyperref package is loaded.
)
(C:\Users\vasan\AppData\Local\Programs\MiKTeX\tex/latex/graphics\graphicx.sty
Package: graphicx 2024/12/31 v1.2e Enhanced LaTeX Graphics (DPC,SPQR)

(C:\Users\vasan\AppData\Local\Programs\MiKTeX\tex/latex/graphics\graphics.sty
Package: graphics 2024/08/06 v1.4g Standard LaTeX Graphics (DPC,SPQR)

(C:\Users\vasan\AppData\Local\Programs\MiKTeX\tex/latex/graphics\trig.sty
Package: trig 2023/12/02 v1.11 sin cos tan (DPC)
)
(C:\Users\vasan\AppData\Local\Programs\MiKTeX\tex/latex/graphics-cfg\graphics.c
fg
File: graphics.cfg 2016/06/04 v1.11 sample graphics configuration
)
Package graphics Info: Driver file: pdftex.def on input line 106.

(C:\Users\vasan\AppData\Local\Programs\MiKTeX\tex/latex/graphics-def\pdftex.def
File: pdftex.def 2025/09/29 v1.2d Graphics/color driver for pdftex
))
\Gin@req@height=\dimen170
\Gin@req@width=\dimen171
) (C:\Users\vasan\AppData\Local\Programs\MiKTeX\tex/latex/amsmath\amsmath.sty
Package: amsmath 2025/07/09 v2.17z AMS math features
\@mathmargin=\skip55
For additional information on amsmath, use the `?' option.
(C:\Users\vasan\AppData\Local\Programs\MiKTeX\tex/latex/amsmath\amstext.sty
Package: amstext 2024/11/17 v2.01 AMS text

(C:\Users\vasan\AppData\Local\Programs\MiKTeX\tex/latex/amsmath\amsgen.sty
File: amsgen.sty 1999/11/30 v2.0 generic functions
\@emptytoks=\toks26
\ex@=\dimen172
))
(C:\Users\vasan\AppData\Local\Programs\MiKTeX\tex/latex/amsmath\amsbsy.sty
Package: amsbsy 1999/11/29 v1.2d Bold Symbols
\pmbraise@=\dimen173
)
(C:\Users\vasan\AppData\Local\Programs\MiKTeX\tex/latex/amsmath\amsopn.sty
Package: amsopn 2022/04/08 v2.04 operator names
)
\inf@bad=\count301
LaTeX Info: Redefining \frac on input line 233.
\uproot@=\count302
\leftroot@=\count303
LaTeX Info: Redefining \overline on input line 398.
LaTeX Info: Redefining \colon on input line 409.
\classnum@=\count304
\DOTSCASE@=\count305
LaTeX Info: Redefining \ldots on input line 495.
LaTeX Info: Redefining \dots on input line 498.
LaTeX Info: Redefining \cdots on input line 619.
\Mathstrutbox@=\box53
\strutbox@=\box54
LaTeX Info: Redefining \big on input line 721.
LaTeX Info: Redefining \Big on input line 722.
LaTeX Info: Redefining \bigg on input line 723.
LaTeX Info: Redefining \Bigg on input line 724.
\big@size=\dimen174
LaTeX Font Info:    Redeclaring font encoding OML on input line 742.
LaTeX Font Info:    Redeclaring font encoding OMS on input line 743.
\macc@depth=\count306
LaTeX Info: Redefining \bmod on input line 904.
LaTeX Info: Redefining \pmod on input line 909.
LaTeX Info: Redefining \smash on input line 939.
LaTeX Info: Redefining \relbar on input line 969.
LaTeX Info: Redefining \Relbar on input line 970.
\c@MaxMatrixCols=\count307
\dotsspace@=\muskip18
\c@parentequation=\count308
\dspbrk@lvl=\count309
\tag@help=\toks27
\row@=\count310
\column@=\count311
\maxfields@=\count312
\andhelp@=\toks28
\eqnshift@=\dimen175
\alignsep@=\dimen176
\tagshift@=\dimen177
\tagwidth@=\dimen178
\totwidth@=\dimen179
\lineht@=\dimen180
\@envbody=\toks29
\multlinegap=\skip56
\multlinetaggap=\skip57
\mathdisplay@stack=\toks30
LaTeX Info: Redefining \[ on input line 2950.
LaTeX Info: Redefining \] on input line 2951.
)
(C:\Users\vasan\AppData\Local\Programs\MiKTeX\tex/latex/amsfonts\amssymb.sty
Package: amssymb 2013/01/14 v3.01 AMS font symbols

(C:\Users\vasan\AppData\Local\Programs\MiKTeX\tex/latex/amsfonts\amsfonts.sty
Package: amsfonts 2013/01/14 v3.01 Basic AMSFonts support
\symAMSa=\mathgroup4
\symAMSb=\mathgroup5
LaTeX Font Info:    Redeclaring math symbol \hbar on input line 98.
LaTeX Font Info:    Overwriting math alphabet `\mathfrak' in version `bold'
(Font)                  U/euf/m/n --> U/euf/b/n on input line 106.
)) (C:\Users\vasan\AppData\Local\Programs\MiKTeX\tex/latex/amscls\amsthm.sty
Package: amsthm 2020/05/29 v2.20.6
\thm@style=\toks31
\thm@bodyfont=\toks32
\thm@headfont=\toks33
\thm@notefont=\toks34
\thm@headpunct=\toks35
\thm@preskip=\skip58
\thm@postskip=\skip59
\thm@headsep=\skip60
\dth@everypar=\toks36
)
(C:\Users\vasan\AppData\Local\Programs\MiKTeX\tex/latex/booktabs\booktabs.sty
Package: booktabs 2020/01/12 v1.61803398 Publication quality tables
\heavyrulewidth=\dimen181
\lightrulewidth=\dimen182
\cmidrulewidth=\dimen183
\belowrulesep=\dimen184
\belowbottomsep=\dimen185
\aboverulesep=\dimen186
\abovetopsep=\dimen187
\cmidrulesep=\dimen188
\cmidrulekern=\dimen189
\defaultaddspace=\dimen190
\@cmidla=\count313
\@cmidlb=\count314
\@aboverulesep=\dimen191
\@belowrulesep=\dimen192
\@thisruleclass=\count315
\@lastruleclass=\count316
\@thisrulewidth=\dimen193
)
(C:\Users\vasan\AppData\Local\Programs\MiKTeX\tex/latex/algorithms\algorithm.st
y
Package: algorithm 2009/08/24 v0.1 Document Style `algorithm' - floating enviro
nment
 (C:\Users\vasan\AppData\Local\Programs\MiKTeX\tex/latex/float\float.sty
Package: float 2001/11/08 v1.3d Float enhancements (AL)
\c@float@type=\count317
\float@exts=\toks37
\float@box=\box55
\@float@everytoks=\toks38
\@floatcapt=\box56
)
(C:\Users\vasan\AppData\Local\Programs\MiKTeX\tex/latex/base\ifthen.sty
Package: ifthen 2024/03/16 v1.1e Standard LaTeX ifthen package (DPC)
)
\@float@every@algorithm=\toks39
\c@algorithm=\count318
)
(C:\Users\vasan\AppData\Local\Programs\MiKTeX\tex/latex/algorithms\algorithmic.
sty
Package: algorithmic 2009/08/24 v0.1 Document Style `algorithmic'
\c@ALC@unique=\count319
\c@ALC@line=\count320
\c@ALC@rem=\count321
\c@ALC@depth=\count322
\ALC@tlm=\skip61
\algorithmicindent=\skip62
)
(C:\Users\vasan\AppData\Local\Programs\MiKTeX\tex/latex/mathtools\mathtools.sty
Package: mathtools 2024/10/04 v1.31 mathematical typesetting tools
(C:\Users\vasan\AppData\Local\Programs\MiKTeX\tex/latex/tools\calc.sty
Package: calc 2025/03/01 v4.3b Infix arithmetic (KKT,FJ)
\calc@Acount=\count323
\calc@Bcount=\count324
\calc@Adimen=\dimen194
\calc@Bdimen=\dimen195
\calc@Askip=\skip63
\calc@Bskip=\skip64
LaTeX Info: Redefining \setlength on input line 86.
LaTeX Info: Redefining \addtolength on input line 87.
\calc@Ccount=\count325
\calc@Cskip=\skip65
)
(C:\Users\vasan\AppData\Local\Programs\MiKTeX\tex/latex/mathtools\mhsetup.sty
Package: mhsetup 2021/03/18 v1.4 programming setup (MH)
)
\g_MT_multlinerow_int=\count326
\l_MT_multwidth_dim=\dimen196
\origjot=\skip66
\l_MT_shortvdotswithinadjustabove_dim=\dimen197
\l_MT_shortvdotswithinadjustbelow_dim=\dimen198
\l_MT_above_intertext_sep=\dimen199
\l_MT_below_intertext_sep=\dimen256
\l_MT_above_shortintertext_sep=\dimen257
\l_MT_below_shortintertext_sep=\dimen258
\xmathstrut@box=\box57
\xmathstrut@dim=\dimen259
)
\c@theorem=\count327
\c@definition=\count328
\c@remark=\count329
LaTeX Font Info:    Trying to load font information for OT1+ptm on input line 6
3.
(C:\Users\vasan\AppData\Local\Programs\MiKTeX\tex/latex/psnfss\ot1ptm.fd
File: ot1ptm.fd 2001/06/04 font definitions for OT1/ptm.
)
(C:\Users\vasan\AppData\Local\Programs\MiKTeX\tex/latex/l3backend\l3backend-pdf
tex.def
File: l3backend-pdftex.def 2025-10-09 L3 backend support: PDF output (pdfTeX)
\l__color_backend_stack_int=\count330
) (vsar-encoding.aux)
\openout1 = `vsar-encoding.aux'.

LaTeX Font Info:    Checking defaults for OML/cmm/m/it on input line 63.
LaTeX Font Info:    ... okay on input line 63.
LaTeX Font Info:    Checking defaults for OMS/cmsy/m/n on input line 63.
LaTeX Font Info:    ... okay on input line 63.
LaTeX Font Info:    Checking defaults for OT1/cmr/m/n on input line 63.
LaTeX Font Info:    ... okay on input line 63.
LaTeX Font Info:    Checking defaults for T1/cmr/m/n on input line 63.
LaTeX Font Info:    ... okay on input line 63.
LaTeX Font Info:    Checking defaults for TS1/cmr/m/n on input line 63.
LaTeX Font Info:    ... okay on input line 63.
LaTeX Font Info:    Checking defaults for OMX/cmex/m/n on input line 63.
LaTeX Font Info:    ... okay on input line 63.
LaTeX Font Info:    Checking defaults for U/cmr/m/n on input line 63.
LaTeX Font Info:    ... okay on input line 63.
LaTeX Font Info:    Checking defaults for PD1/pdf/m/n on input line 63.
LaTeX Font Info:    ... okay on input line 63.
LaTeX Font Info:    Checking defaults for PU/pdf/m/n on input line 63.
LaTeX Font Info:    ... okay on input line 63.
Package hyperref Info: Link coloring OFF on input line 63.
 (vsar-encoding.out) (vsar-encoding.out)
\@outlinefile=\write3
\openout3 = `vsar-encoding.out'.

Package caption Info: Begin \AtBeginDocument code.
Package caption Info: float package is loaded.
Package caption Info: End \AtBeginDocument code.

(C:\Users\vasan\AppData\Local\Programs\MiKTeX\tex/context/base/mkii\supp-pdf.mk
ii
[Loading MPS to PDF converter (version 2006.09.02).]
\scratchcounter=\count331
\scratchdimen=\dimen260
\scratchbox=\box58
\nofMPsegments=\count332
\nofMParguments=\count333
\everyMPshowfont=\toks40
\MPscratchCnt=\count334
\MPscratchDim=\dimen261
\MPnumerator=\count335
\makeMPintoPDFobject=\count336
\everyMPtoPDFconversion=\toks41
)
(C:\Users\vasan\AppData\Local\Programs\MiKTeX\tex/latex/epstopdf-pkg\epstopdf-b
ase.sty
Package: epstopdf-base 2020-01-24 v2.11 Base part for package epstopdf
Package epstopdf-base Info: Redefining graphics rule for `.eps' on input line 4
85.

(C:\Users\vasan\AppData\Local\Programs\MiKTeX\tex/latex/00miktex\epstopdf-sys.c
fg
File: epstopdf-sys.cfg 2021/03/18 v2.0 Configuration of epstopdf for MiKTeX
))
\titlearea=\box59
\actualheight=\skip67
LaTeX Font Info:    Trying to load font information for U+msa on input line 70.

 (C:\Users\vasan\AppData\Local\Programs\MiKTeX\tex/latex/amsfonts\umsa.fd
File: umsa.fd 2013/01/14 v3.01 AMS symbols A
)
LaTeX Font Info:    Trying to load font information for U+msb on input line 70.


(C:\Users\vasan\AppData\Local\Programs\MiKTeX\tex/latex/amsfonts\umsb.fd
File: umsb.fd 2013/01/14 v3.01 AMS symbols B
)
Underfull \hbox (badness 1454) in paragraph at lines 81--82
\OT1/ptm/m/n/10 hy-per-di-men-sional com-put-ing, of-fer an ap-peal-ing mid-dle

 []

[1{C:/Users/vasan/AppData/Local/MiKTeX/fonts/map/pdftex/pdftex.map}{C:/Users/va
san/AppData/Local/Programs/MiKTeX/fonts/enc/dvips/base/8r.enc}



]

LaTeX Warning: Reference `sec:analysis' on page 2 undefined on input line 98.

LaTeX Font Info:    Trying to load font information for OT1+pcr on input line 1
04.
(C:\Users\vasan\AppData\Local\Programs\MiKTeX\tex/latex/psnfss\ot1pcr.fd
File: ot1pcr.fd 2001/06/04 font definitions for OT1/pcr.
)
LaTeX Font Info:    Trying to load font information for TS1+ptm on input line 1
08.

(C:\Users\vasan\AppData\Local\Programs\MiKTeX\tex/latex/psnfss\ts1ptm.fd
File: ts1ptm.fd 2001/06/04 font definitions for TS1/ptm.
)
LaTeX Info: Symbol \textrightarrow not provided by
            font family ptm in TS1 encoding.
            Default family used instead on input line 108.


LaTeX Warning: Reference `app:vsa-background' on page 2 undefined on input line
 117.


Underfull \hbox (badness 10000) in paragraph at lines 137--138
[]\OT1/ptm/b/n/10 Query ob-jec-tive\OT1/ptm/m/n/10 : Given a query pat-tern
 []


Underfull \hbox (badness 10000) in paragraph at lines 137--138
\OML/cmm/m/it/10 p\OT1/cmr/m/n/10 (\OML/cmm/m/it/10 t[]; [] ; t[]; X; t[]; [] ;
 t[]\OT1/cmr/m/n/10 )$ \OT1/ptm/m/n/10 where po-si-tions other
 []

[2]
Underfull \hbox (badness 3312) in paragraph at lines 230--231
[]\OT1/ptm/b/n/10 Trade-off\OT1/ptm/m/n/10 : Shift-based en-cod-ing sac-ri-fice
s pred-i-cate
 []


Underfull \hbox (badness 2165) in paragraph at lines 230--231
\OT1/ptm/m/n/10 dis-tin-guisha-bil-ity for bet-ter po-si-tional ac-cu-racy. Fac
ts
 []


Underfull \hbox (badness 5374) in paragraph at lines 230--231
[]\OT1/cmr/m/n/10 ([]\OML/cmm/m/it/10 ; []\OT1/cmr/m/n/10 )$ \OT1/ptm/m/n/10 an
d $[]\OT1/cmr/m/n/10 ([]\OML/cmm/m/it/10 ; []\OT1/cmr/m/n/10 )$ \OT1/ptm/m/n/10
 have
 []

[3]
Package hyperref Info: bookmark level for unknown algorithm defaults to 0 on in
put line 284.
LaTeX Font Info:    Trying to load font information for OMS+ptm on input line 2
87.
 (C:\Users\vasan\AppData\Local\Programs\MiKTeX\tex/latex/psnfss\omsptm.fd
File: omsptm.fd 
)
LaTeX Font Info:    Font shape `OMS/ptm/m/n' in size <10> not available
(Font)              Font shape `OMS/cmsy/m/n' tried instead on input line 287.

Underfull \hbox (badness 10000) in paragraph at lines 353--354
\OT1/ptm/m/n/10 To il-lus-trate the can-cel-la-tion pro-cess, con-sider
 []


Underfull \hbox (badness 10000) in paragraph at lines 353--354
\OT1/ptm/m/n/10 query-ing $[]\OT1/cmr/m/n/10 ([]\OML/cmm/m/it/10 ; \OT1/cmr/m/n
/10 ?)$ \OT1/ptm/m/n/10 against the fact
 []

[4]

LaTeX Warning: Reference `app:implementation' on page 5 undefined on input line
 394.

<figures/encoding_comparison.pdf, id=223, 233.1084pt x 153.79306pt>
File: figures/encoding_comparison.pdf Graphic file (type pdf)
<use figures/encoding_comparison.pdf>
Package pdftex.def Info: figures/encoding_comparison.pdf  used on input line 41
2.
(pdftex.def)             Requested size: 117.07635pt x 77.24129pt.
<figures/arity_scaling.pdf, id=224, 233.1084pt x 153.82469pt>
File: figures/arity_scaling.pdf Graphic file (type pdf)
<use figures/arity_scaling.pdf>
Package pdftex.def Info: figures/arity_scaling.pdf  used on input line 419.
(pdftex.def)             Requested size: 117.07635pt x 77.25717pt.

LaTeX Warning: `h' float specifier changed to `ht'.

[5 <./figures/encoding_comparison.pdf> <./figures/arity_scaling.pdf>]
Underfull \hbox (badness 10000) in paragraph at lines 483--484
[]\OT1/ptm/b/n/10 Ternary pred-i-cates \OT1/ptm/m/n/10 (works[]in): 6 facts wit
h
 []


Underfull \hbox (badness 10000) in paragraph at lines 483--484
\OT1/ptm/m/n/10 person-department-role, query \OT1/pcr/m/n/10 works[]in(?,
 []


Overfull \hbox (14.7619pt too wide) in paragraph at lines 491--499
 [][] 
 []


Overfull \hbox (29.73448pt too wide) in paragraph at lines 524--535
 [][] 
 []


Underfull \hbox (badness 10000) in paragraph at lines 541--542
[]\OT1/ptm/m/n/10 Recursive rules: Prov-ing \OT1/pcr/m/n/10 ancestor(alice,
 []


Underfull \hbox (badness 10000) in paragraph at lines 541--542
\OT1/pcr/m/n/10 david) \OT1/ptm/m/n/10 via \OT1/pcr/m/n/10 ancestor(X,Z) :-
 []


Underfull \hbox (badness 10000) in paragraph at lines 541--542
\OT1/pcr/m/n/10 parent(X,Y), ancestor(Y,Z) \OT1/ptm/m/n/10 suc-ceeds
 []


Underfull \hbox (badness 1515) in paragraph at lines 542--543
[]\OT1/ptm/m/n/10 Tabling: Patho-log-i-cal re-cur-sive rule \OT1/pcr/m/n/10 loo
p(X) :-
 []

[6]
Underfull \hbox (badness 3078) in paragraph at lines 584--585
[]\OT1/ptm/b/n/10 Theoretical jus-ti-fi-ca-tion\OT1/ptm/m/n/10 : VSA ap-prox-i-
ma-tion er-ror
 []


LaTeX Warning: `h' float specifier changed to `ht'.


Overfull \hbox (10.4204pt too wide) in paragraph at lines 625--635
 [][] 
 []


Underfull \hbox (badness 1708) in paragraph at lines 643--644
[]\OT1/ptm/m/n/10 **Key in-sight**: VSAR oc-cu-pies a unique niche---
 []

[7]
Underfull \hbox (badness 1082) in paragraph at lines 663--664
\OT1/ptm/m/n/10 based ap-proach pro-vides lightweight un-cer-tainty with-out
 []


Underfull \hbox (badness 1292) in paragraph at lines 683--684
[]\OT1/ptm/m/n/10 Table []8[] sum-ma-rizes these trade-offs across rea-son-ing
 []

[8]
Overfull \hbox (35.39272pt too wide) in paragraph at lines 690--700
 [][] 
 []


Underfull \hbox (badness 10000) in paragraph at lines 710--711
[]\OT1/ptm/b/n/10 (2) Ex-act in-vert-ibil-ity\OT1/ptm/m/n/10 : Shift op-er-a-ti
ons sat-isfy
 []


Underfull \hbox (badness 1259) in paragraph at lines 710--711
\OML/cmm/m/it/10 ^^Y[]\OT1/cmr/m/n/10 (\OML/cmm/m/it/10 ^^Y[]\OT1/cmr/m/n/10 (\
OT1/cmr/bx/n/10 v\OT1/cmr/m/n/10 )) = \OT1/cmr/bx/n/10 v$ \OT1/ptm/m/n/10 per-f
ectly, whereas bind/unbind only
 []


Underfull \hbox (badness 1694) in paragraph at lines 723--724
[]\OT1/ptm/b/n/10 Approximate re-trieval with bounded er-ror\OT1/ptm/m/n/10 : F
or
 []


Underfull \hbox (badness 10000) in paragraph at lines 725--726
[]\OT1/ptm/b/n/10 Graceful degra-da-tion\OT1/ptm/m/n/10 : Per-for-mance de-grad
es
 []


Underfull \hbox (badness 2644) in paragraph at lines 726--727
[]\OT1/ptm/b/n/10 Compositional gen-er-al-iza-tion\OT1/ptm/m/n/10 : En-tity vec
-tors are
 []


Underfull \hbox (badness 4582) in paragraph at lines 733--734
[]\OT1/ptm/b/n/10 Consistency un-der nega-tion\OT1/ptm/m/n/10 : Clas-si-cal neg
a-tion
 []

[9]
Underfull \hbox (badness 1072) in paragraph at lines 776--777
\OT1/ptm/m/n/10 with suc-ces-sive can-cel-la-tion, and Johnson-Lindenstrauss-
 []


Underfull \hbox (badness 1253) in paragraph at lines 784--785
\OT1/ptm/m/n/10 com-po-si-tional struc-ture en-abling zero-shot gen-er-al-iza-t
ion
 []

(vsar-encoding.bbl [10]
Underfull \hbox (badness 10000) in paragraph at lines 25--28
[]\OT1/ptm/m/n/10 Michael Gel-fond and
 []


Underfull \hbox (badness 1057) in paragraph at lines 25--28
\OT1/ptm/m/n/10 Vladimir Lif-s-chitz.  The sta-ble model se-man-tics for
 []

) [11

] (vsar-encoding.aux)
 ***********
LaTeX2e <2025-11-01>
L3 programming layer <2025-10-24>
 ***********


LaTeX Warning: There were undefined references.

Package rerunfilecheck Info: File `vsar-encoding.out' has not changed.
(rerunfilecheck)             Checksum: B30714EF028C11A04712A0F93A14E06C;6179.
 ) 
Here is how much of TeX's memory you used:
 12866 strings out of 467871
 204838 string characters out of 5418375
 623149 words of memory out of 5000000
 41431 multiletter control sequences out of 15000+600000
 659845 words of font info for 104 fonts, out of 8000000 for 9000
 1141 hyphenation exceptions out of 8191
 75i,15n,79p,1462b,599s stack positions out of 10000i,1000n,20000p,200000b,200000s
 <C:\Users\vasan\AppData\Local\MiKTeX\fonts/pk/ljfour/jknappen/ec/dpi600\tcrm
1000.pk><C:/Users/vasan/AppData/Local/Programs/MiKTeX/fonts/type1/public/amsfon
ts/cm/cmbx10.pfb><C:/Users/vasan/AppData/Local/Programs/MiKTeX/fonts/type1/publ
ic/amsfonts/cm/cmex10.pfb><C:/Users/vasan/AppData/Local/Programs/MiKTeX/fonts/t
ype1/public/amsfonts/cm/cmmi10.pfb><C:/Users/vasan/AppData/Local/Programs/MiKTe
X/fonts/type1/public/amsfonts/cm/cmmi5.pfb><C:/Users/vasan/AppData/Local/Progra
ms/MiKTeX/fonts/type1/public/amsfonts/cm/cmmi7.pfb><C:/Users/vasan/AppData/Loca
l/Programs/MiKTeX/fonts/type1/public/amsfonts/cm/cmr10.pfb><C:/Users/vasan/AppD
ata/Local/Programs/MiKTeX/fonts/type1/public/amsfonts/cm/cmr5.pfb><C:/Users/vas
an/AppData/Local/Programs/MiKTeX/fonts/type1/public/amsfonts/cm/cmr7.pfb><C:/Us
ers/vasan/AppData/Local/Programs/MiKTeX/fonts/type1/public/amsfonts/cm/cmsy10.p
fb><C:/Users/vasan/AppData/Local/Programs/MiKTeX/fonts/type1/public/amsfonts/cm
/cmsy5.pfb><C:/Users/vasan/AppData/Local/Programs/MiKTeX/fonts/type1/public/ams
fonts/cm/cmsy7.pfb><C:/Users/vasan/AppData/Local/Programs/MiKTeX/fonts/type1/pu
blic/amsfonts/symbols/msam10.pfb><C:/Users/vasan/AppData/Local/Programs/MiKTeX/
fonts/type1/public/amsfonts/symbols/msbm10.pfb><C:/Users/vasan/AppData/Local/Pr
ograms/MiKTeX/fonts/type1/urw/courier/ucrr8a.pfb><C:/Users/vasan/AppData/Local/
Programs/MiKTeX/fonts/type1/urw/times/utmb8a.pfb><C:/Users/vasan/AppData/Local/
Programs/MiKTeX/fonts/type1/urw/times/utmbi8a.pfb><C:/Users/vasan/AppData/Local
/Programs/MiKTeX/fonts/type1/urw/times/utmr8a.pfb><C:/Users/vasan/AppData/Local
/Programs/MiKTeX/fonts/type1/urw/times/utmri8a.pfb>
Output written on vsar-encoding.pdf (11 pages, 344947 bytes).
PDF statistics:
 494 PDF objects out of 1000 (max. 8388607)
 118 named destinations out of 1000 (max. 500000)
 291 words of extra memory for PDF output out of 10000 (max. 10000000)

