\BOOKMARK [1][-]{section.1}{\376\377\000I\000n\000t\000r\000o\000d\000u\000c\000t\000i\000o\000n}{}% 1
\BOOKMARK [2][-]{subsection.1.1}{\376\377\000C\000o\000n\000t\000r\000i\000b\000u\000t\000i\000o\000n\000s}{section.1}% 2
\BOOKMARK [1][-]{section.2}{\376\377\000B\000a\000c\000k\000g\000r\000o\000u\000n\000d}{}% 3
\BOOKMARK [1][-]{section.3}{\376\377\000P\000r\000o\000b\000l\000e\000m\000\040\000F\000o\000r\000m\000u\000l\000a\000t\000i\000o\000n}{}% 4
\BOOKMARK [1][-]{section.4}{\376\377\000E\000n\000c\000o\000d\000i\000n\000g\000\040\000S\000t\000r\000a\000t\000e\000g\000i\000e\000s}{}% 5
\BOOKMARK [2][-]{subsection.4.1}{\376\377\000R\000o\000l\000e\000-\000F\000i\000l\000l\000e\000r\000\040\000B\000i\000n\000d\000i\000n\000g}{section.4}% 6
\BOOKMARK [2][-]{subsection.4.2}{\376\377\000S\000h\000i\000f\000t\000-\000B\000a\000s\000e\000d\000\040\000E\000n\000c\000o\000d\000i\000n\000g}{section.4}% 7
\BOOKMARK [1][-]{section.5}{\376\377\000H\000y\000b\000r\000i\000d\000\040\000E\000n\000c\000o\000d\000i\000n\000g\000\040\000w\000i\000t\000h\000\040\000P\000r\000e\000d\000i\000c\000a\000t\000e\000\040\000B\000i\000n\000d\000i\000n\000g}{}% 8
\BOOKMARK [1][-]{section.6}{\376\377\000S\000u\000c\000c\000e\000s\000s\000i\000v\000e\000\040\000I\000n\000t\000e\000r\000f\000e\000r\000e\000n\000c\000e\000\040\000C\000a\000n\000c\000e\000l\000l\000a\000t\000i\000o\000n}{}% 9
\BOOKMARK [2][-]{subsection.6.1}{\376\377\000T\000h\000e\000\040\000C\000a\000n\000c\000e\000l\000l\000a\000t\000i\000o\000n\000\040\000A\000l\000g\000o\000r\000i\000t\000h\000m}{section.6}% 10
\BOOKMARK [2][-]{subsection.6.2}{\376\377\000E\000x\000p\000e\000c\000t\000e\000d\000\040\000S\000i\000m\000i\000l\000a\000r\000i\000t\000y}{section.6}% 11
\BOOKMARK [2][-]{subsection.6.3}{\376\377\000W\000o\000r\000k\000e\000d\000\040\000E\000x\000a\000m\000p\000l\000e}{section.6}% 12
\BOOKMARK [2][-]{subsection.6.4}{\376\377\000C\000a\000p\000a\000c\000i\000t\000y\000\040\000A\000n\000a\000l\000y\000s\000i\000s}{section.6}% 13
\BOOKMARK [1][-]{section.7}{\376\377\000E\000x\000p\000e\000r\000i\000m\000e\000n\000t\000s}{}% 14
\BOOKMARK [2][-]{subsection.7.1}{\376\377\000S\000c\000a\000l\000a\000b\000i\000l\000i\000t\000y\000\040\000A\000n\000a\000l\000y\000s\000i\000s}{section.7}% 15
\BOOKMARK [2][-]{subsection.7.2}{\376\377\000M\000u\000l\000t\000i\000-\000H\000o\000p\000\040\000R\000e\000a\000s\000o\000n\000i\000n\000g}{section.7}% 16
\BOOKMARK [2][-]{subsection.7.3}{\376\377\000M\000u\000l\000t\000i\000-\000V\000a\000r\000i\000a\000b\000l\000e\000\040\000Q\000u\000e\000r\000y\000\040\000S\000u\000p\000p\000o\000r\000t}{section.7}% 17
\BOOKMARK [2][-]{subsection.7.4}{\376\377\000B\000a\000c\000k\000w\000a\000r\000d\000\040\000C\000h\000a\000i\000n\000i\000n\000g}{section.7}% 18
\BOOKMARK [2][-]{subsection.7.5}{\376\377\000A\000n\000a\000l\000y\000s\000i\000s\000\040\000a\000n\000d\000\040\000I\000n\000s\000i\000g\000h\000t\000s}{section.7}% 19
\BOOKMARK [2][-]{subsection.7.6}{\376\377\000A\000b\000l\000a\000t\000i\000o\000n\000\040\000S\000t\000u\000d\000y\000:\000\040\000D\000i\000m\000e\000n\000s\000i\000o\000n\000\040\000S\000e\000l\000e\000c\000t\000i\000o\000n}{section.7}% 20
\BOOKMARK [2][-]{subsection.7.7}{\376\377\000C\000o\000m\000p\000a\000r\000a\000t\000i\000v\000e\000\040\000A\000n\000a\000l\000y\000s\000i\000s}{section.7}% 21
\BOOKMARK [2][-]{subsection.7.8}{\376\377\000C\000o\000m\000p\000a\000r\000i\000s\000o\000n\000\040\000t\000o\000\040\000A\000l\000t\000e\000r\000n\000a\000t\000i\000v\000e\000\040\000A\000p\000p\000r\000o\000a\000c\000h\000e\000s}{section.7}% 22
\BOOKMARK [1][-]{section.8}{\376\377\000R\000e\000l\000a\000t\000e\000d\000\040\000W\000o\000r\000k}{}% 23
\BOOKMARK [2][-]{subsection.8.1}{\376\377\000S\000y\000m\000b\000o\000l\000i\000c\000\040\000L\000o\000g\000i\000c\000-\000B\000a\000s\000e\000d\000\040\000R\000e\000a\000s\000o\000n\000i\000n\000g}{section.8}% 24
\BOOKMARK [2][-]{subsection.8.2}{\376\377\000P\000r\000o\000b\000a\000b\000i\000l\000i\000s\000t\000i\000c\000\040\000a\000n\000d\000\040\000S\000t\000a\000t\000i\000s\000t\000i\000c\000a\000l\000\040\000R\000e\000l\000a\000t\000i\000o\000n\000a\000l\000\040\000L\000e\000a\000r\000n\000i\000n\000g}{section.8}% 25
\BOOKMARK [2][-]{subsection.8.3}{\376\377\000I\000n\000d\000u\000c\000t\000i\000v\000e\000\040\000L\000o\000g\000i\000c\000\040\000P\000r\000o\000g\000r\000a\000m\000m\000i\000n\000g}{section.8}% 26
\BOOKMARK [2][-]{subsection.8.4}{\376\377\000N\000e\000u\000r\000o\000-\000S\000y\000m\000b\000o\000l\000i\000c\000\040\000I\000n\000t\000e\000g\000r\000a\000t\000i\000o\000n}{section.8}% 27
\BOOKMARK [2][-]{subsection.8.5}{\376\377\000V\000e\000c\000t\000o\000r\000\040\000S\000y\000m\000b\000o\000l\000i\000c\000\040\000A\000r\000c\000h\000i\000t\000e\000c\000t\000u\000r\000e\000s\000\040\000f\000o\000r\000\040\000R\000e\000a\000s\000o\000n\000i\000n\000g}{section.8}% 28
\BOOKMARK [1][-]{section.9}{\376\377\000D\000i\000s\000c\000u\000s\000s\000i\000o\000n}{}% 29
\BOOKMARK [2][-]{subsection.9.1}{\376\377\000W\000h\000y\000\040\000I\000n\000t\000e\000r\000f\000e\000r\000e\000n\000c\000e\000\040\000C\000a\000n\000c\000e\000l\000l\000a\000t\000i\000o\000n\000\040\000W\000o\000r\000k\000s}{section.9}% 30
\BOOKMARK [2][-]{subsection.9.2}{\376\377\000S\000e\000m\000a\000n\000t\000i\000c\000\040\000G\000u\000a\000r\000a\000n\000t\000e\000e\000s\000\040\000a\000n\000d\000\040\000L\000i\000m\000i\000t\000a\000t\000i\000o\000n\000s}{section.9}% 31
\BOOKMARK [2][-]{subsection.9.3}{\376\377\000C\000o\000m\000p\000a\000r\000i\000s\000o\000n\000\040\000t\000o\000\040\000N\000e\000u\000r\000a\000l\000-\000S\000y\000m\000b\000o\000l\000i\000c\000\040\000A\000p\000p\000r\000o\000a\000c\000h\000e\000s}{section.9}% 32
\BOOKMARK [2][-]{subsection.9.4}{\376\377\000L\000i\000m\000i\000t\000a\000t\000i\000o\000n\000s\000\040\000a\000n\000d\000\040\000E\000x\000t\000e\000n\000s\000i\000o\000n\000s}{section.9}% 33
\BOOKMARK [1][-]{section.10}{\376\377\000F\000u\000t\000u\000r\000e\000\040\000D\000i\000r\000e\000c\000t\000i\000o\000n\000s}{}% 34
\BOOKMARK [1][-]{section.11}{\376\377\000C\000o\000n\000c\000l\000u\000s\000i\000o\000n}{}% 35
